<?xml version="1.0" encoding="UTF-8"?>
<!-- Generated by org.testng.reporters.JUnitXMLReporter -->
<testsuite ignored="0" hostname="DESKTOP-REKBUQJ" failures="1" tests="3" name="Test" time="191.087" errors="0" timestamp="2023-02-23T17:44:23 IST">
  <testcase classname="TestNG_Package.TestNG_Screenshot" name="@AfterMethod afterMethod" time="1.256">
    <failure type="java.lang.NullPointerException" message="Cannot invoke &amp;quot;org.openqa.selenium.TakesScreenshot.getScreenshotAs(org.openqa.selenium.OutputType)&amp;quot; because &amp;quot;scrShot&amp;quot; is null">
      <![CDATA[java.lang.NullPointerException: Cannot invoke "org.openqa.selenium.TakesScreenshot.getScreenshotAs(org.openqa.selenium.OutputType)" because "scrShot" is null
at Utils.Utility.captureScreenshot(Utility.java:30)
at TestNG_Package.TestNG_Screenshot.afterMethod(TestNG_Screenshot.java:80)
at java.base/java.util.ArrayList.forEach(ArrayList.java:1511)
... Removed 30 stack frames]]>
    </failure>
  </testcase> <!-- @AfterMethod afterMethod -->
  <testcase classname="TestNG_Package.TestNG_Screenshot" name="@AfterClass afterClass" time="-1.677154463115E9">
    <skipped/>
  </testcase> <!-- @AfterClass afterClass -->
  <testcase classname="TestNG_Package.TestNG_Screenshot" name="testA" time="0.042"/>
  <testcase classname="TestNG_Package.TestNG_Screenshot" name="testB" time="0.013"/>
  <testcase classname="TestNG_Package.TestNG_Screenshot" name="testC" time="0.647">
    <failure type="java.io.IOException" message="While trying to invoke &amp;apos;createWorkbook&amp;apos; on factory org.apache.poi.xssf.usermodel.XSSFWorkbookFactory and arguments [java.io.BufferedInputStream@5ab14cb9]">
      <![CDATA[java.io.IOException: While trying to invoke 'createWorkbook' on factory org.apache.poi.xssf.usermodel.XSSFWorkbookFactory and arguments [java.io.BufferedInputStream@5ab14cb9]
at org.apache.poi.ss.usermodel.WorkbookFactory.createWorkbook(WorkbookFactory.java:357)
at org.apache.poi.ss.usermodel.WorkbookFactory.createXSSFWorkbook(WorkbookFactory.java:316)
at org.apache.poi.ss.usermodel.WorkbookFactory.create(WorkbookFactory.java:234)
at org.apache.poi.ss.usermodel.WorkbookFactory.create(WorkbookFactory.java:200)
at Utils.Utility.getDataFromExcelSheet(Utility.java:45)
at TestNG_Package.TestNG_Screenshot.testC(TestNG_Screenshot.java:66)
at java.base/java.util.ArrayList.forEach(ArrayList.java:1511)
Caused by: java.lang.ClassNotFoundException: org.apache.poi.xssf.usermodel.XSSFWorkbookFactory
at java.base/jdk.internal.loader.BuiltinClassLoader.loadClass(BuiltinClassLoader.java:641)
at java.base/jdk.internal.loader.ClassLoaders$AppClassLoader.loadClass(ClassLoaders.java:188)
at java.base/java.lang.ClassLoader.loadClass(ClassLoader.java:521)
at org.apache.poi.ss.usermodel.WorkbookFactory.createWorkbook(WorkbookFactory.java:326)
... 31 more
... Removed 25 stack frames]]>
    </failure>
  </testcase> <!-- testC -->
</testsuite> <!-- Test -->
