<?xml version="1.0" encoding="UTF-8"?>
<!-- Generated by org.testng.reporters.JUnitXMLReporter -->
<testsuite ignored="0" hostname="DESKTOP-REKBUQJ" failures="0" tests="6" name="FirefoxTest" time="22.12" errors="0" timestamp="2023-02-11T13:41:29 IST">
  <testcase classname="TestNG_Package.TestNG_SignUpPage" name="@BeforeTest launchBrowser" time="21.796">
    <failure type="org.openqa.selenium.WebDriverException" message="java.net.ConnectException: Failed to connect to localhost/[0:0:0:0:0:0:0:1]:37015
Build info: version: &amp;apos;3.141.59&amp;apos;, revision: &amp;apos;e82be7d358&amp;apos;, time: &amp;apos;2018-11-14T08:17:03&amp;apos;
System info: host: &amp;apos;DESKTOP-REKBUQJ&amp;apos;, ip: &amp;apos;192.168.1.100&amp;apos;, os.name: &amp;apos;Windows 10&amp;apos;, os.arch: &amp;apos;amd64&amp;apos;, os.version: &amp;apos;10.0&amp;apos;, java.version: &amp;apos;18.0.2.1&amp;apos;
Driver info: driver.version: FirefoxDriver">
      <![CDATA[org.openqa.selenium.WebDriverException: java.net.ConnectException: Failed to connect to localhost/[0:0:0:0:0:0:0:1]:37015
Build info: version: '3.141.59', revision: 'e82be7d358', time: '2018-11-14T08:17:03'
System info: host: 'DESKTOP-REKBUQJ', ip: '192.168.1.100', os.name: 'Windows 10', os.arch: 'amd64', os.version: '10.0', java.version: '18.0.2.1'
Driver info: driver.version: FirefoxDriver
at org.openqa.selenium.remote.service.DriverCommandExecutor.execute(DriverCommandExecutor.java:92)
at org.openqa.selenium.remote.RemoteWebDriver.execute(RemoteWebDriver.java:552)
at org.openqa.selenium.remote.RemoteWebDriver.startSession(RemoteWebDriver.java:213)
at org.openqa.selenium.remote.RemoteWebDriver.<init>(RemoteWebDriver.java:131)
at org.openqa.selenium.firefox.FirefoxDriver.<init>(FirefoxDriver.java:147)
at org.openqa.selenium.firefox.FirefoxDriver.<init>(FirefoxDriver.java:125)
at TestNG_Package.TestNG_SignUpPage.launchBrowser(TestNG_SignUpPage.java:44)
Caused by: java.net.ConnectException: Failed to connect to localhost/[0:0:0:0:0:0:0:1]:37015
at okhttp3.internal.connection.RealConnection.connectSocket(RealConnection.java:247)
at okhttp3.internal.connection.RealConnection.connect(RealConnection.java:165)
at okhttp3.internal.connection.StreamAllocation.findConnection(StreamAllocation.java:257)
at okhttp3.internal.connection.StreamAllocation.findHealthyConnection(StreamAllocation.java:135)
at okhttp3.internal.connection.StreamAllocation.newStream(StreamAllocation.java:114)
at okhttp3.internal.connection.ConnectInterceptor.intercept(ConnectInterceptor.java:42)
at okhttp3.internal.http.RealInterceptorChain.proceed(RealInterceptorChain.java:147)
at okhttp3.internal.http.RealInterceptorChain.proceed(RealInterceptorChain.java:121)
at okhttp3.internal.cache.CacheInterceptor.intercept(CacheInterceptor.java:93)
at okhttp3.internal.http.RealInterceptorChain.proceed(RealInterceptorChain.java:147)
at okhttp3.internal.http.RealInterceptorChain.proceed(RealInterceptorChain.java:121)
at okhttp3.internal.http.BridgeInterceptor.intercept(BridgeInterceptor.java:93)
at okhttp3.internal.http.RealInterceptorChain.proceed(RealInterceptorChain.java:147)
at okhttp3.internal.http.RetryAndFollowUpInterceptor.intercept(RetryAndFollowUpInterceptor.java:126)
at okhttp3.internal.http.RealInterceptorChain.proceed(RealInterceptorChain.java:147)
at okhttp3.internal.http.RealInterceptorChain.proceed(RealInterceptorChain.java:121)
at okhttp3.RealCall.getResponseWithInterceptorChain(RealCall.java:200)
at okhttp3.RealCall.execute(RealCall.java:77)
at org.openqa.selenium.remote.internal.OkHttpClient.execute(OkHttpClient.java:103)
at org.openqa.selenium.remote.ProtocolHandshake.createSession(ProtocolHandshake.java:105)
at org.openqa.selenium.remote.ProtocolHandshake.createSession(ProtocolHandshake.java:74)
at org.openqa.selenium.remote.HttpCommandExecutor.execute(HttpCommandExecutor.java:136)
at org.openqa.selenium.remote.service.DriverCommandExecutor.execute(DriverCommandExecutor.java:83)
... 28 more
Caused by: java.net.ConnectException: Connection refused: no further information
at java.base/sun.nio.ch.Net.pollConnect(Native Method)
at java.base/sun.nio.ch.Net.pollConnectNow(Net.java:672)
at java.base/sun.nio.ch.NioSocketImpl.timedFinishConnect(NioSocketImpl.java:539)
at java.base/sun.nio.ch.NioSocketImpl.connect(NioSocketImpl.java:594)
at java.base/java.net.SocksSocketImpl.connect(SocksSocketImpl.java:327)
at java.base/java.net.Socket.connect(Socket.java:633)
at okhttp3.internal.platform.Platform.connectSocket(Platform.java:129)
at okhttp3.internal.connection.RealConnection.connectSocket(RealConnection.java:245)
... 50 more
... Removed 22 stack frames]]>
    </failure>
  </testcase> <!-- @BeforeTest launchBrowser -->
  <testcase classname="TestNG_Package.TestNG_SignUpPage" name="@BeforeClass cretePOMObjects" time="-1.676103088538E9">
    <skipped/>
  </testcase> <!-- @BeforeClass cretePOMObjects -->
  <testcase classname="TestNG_Package.TestNG_SignUpPage" name="@BeforeMethod gotoSignUpPage" time="-1.676103088567E9">
    <skipped/>
  </testcase> <!-- @BeforeMethod gotoSignUpPage -->
  <testcase classname="TestNG_Package.TestNG_SignUpPage" name="@AfterMethod afterMethod" time="-1.676103088583E9">
    <skipped/>
  </testcase> <!-- @AfterMethod afterMethod -->
  <testcase classname="TestNG_Package.TestNG_SignUpPage" name="@AfterClass clearPOMObjects" time="-1.676103088613E9">
    <skipped/>
  </testcase> <!-- @AfterClass clearPOMObjects -->
  <testcase classname="TestNG_Package.TestNGClass" name="@BeforeClass beforeClass" time="-1.67610308862E9">
    <skipped/>
  </testcase> <!-- @BeforeClass beforeClass -->
  <testcase classname="TestNG_Package.TestNGClass" name="@BeforeMethod beforeMethod" time="-1.676103088623E9">
    <skipped/>
  </testcase> <!-- @BeforeMethod beforeMethod -->
  <testcase classname="TestNG_Package.TestNGClass" name="@AfterMethod afterMethod" time="-1.676103088638E9">
    <skipped/>
  </testcase> <!-- @AfterMethod afterMethod -->
  <testcase classname="TestNG_Package.TestNGClass" name="@BeforeMethod beforeMethod" time="-1.676103088641E9">
    <skipped/>
  </testcase> <!-- @BeforeMethod beforeMethod -->
  <testcase classname="TestNG_Package.TestNGClass" name="@AfterMethod afterMethod" time="-1.676103088656E9">
    <skipped/>
  </testcase> <!-- @AfterMethod afterMethod -->
  <testcase classname="TestNG_Package.TestNGClass" name="@BeforeMethod beforeMethod" time="-1.676103088661E9">
    <skipped/>
  </testcase> <!-- @BeforeMethod beforeMethod -->
  <testcase classname="TestNG_Package.TestNGClass" name="@AfterMethod afterMethod" time="-1.676103088699E9">
    <skipped/>
  </testcase> <!-- @AfterMethod afterMethod -->
  <testcase classname="TestNG_Package.TestNGClass" name="@BeforeMethod beforeMethod" time="-1.676103088703E9">
    <skipped/>
  </testcase> <!-- @BeforeMethod beforeMethod -->
  <testcase classname="TestNG_Package.TestNGClass" name="@AfterMethod afterMethod" time="-1.676103088724E9">
    <skipped/>
  </testcase> <!-- @AfterMethod afterMethod -->
  <testcase classname="TestNG_Package.TestNGClass" name="@BeforeMethod beforeMethod" time="-1.676103088728E9">
    <skipped/>
  </testcase> <!-- @BeforeMethod beforeMethod -->
  <testcase classname="TestNG_Package.TestNGClass" name="@AfterMethod afterMethod" time="-1.676103088747E9">
    <skipped/>
  </testcase> <!-- @AfterMethod afterMethod -->
  <testcase classname="TestNG_Package.TestNGClass" name="@AfterClass afterClass" time="-1.676103088751E9">
    <skipped/>
  </testcase> <!-- @AfterClass afterClass -->
  <testcase classname="TestNG_Package.TestNG_SignUpPage" name="@AfterTest closeBrowser" time="-1.676103088754E9">
    <skipped/>
  </testcase> <!-- @AfterTest closeBrowser -->
  <testcase classname="TestNG_Package.TestNG_SignUpPage" name="verifyTermsLink" time="0.0">
    <skipped/>
  </testcase> <!-- verifyTermsLink -->
  <testcase classname="TestNG_Package.TestNGClass" name="testC" time="0.0">
    <skipped/>
  </testcase> <!-- testC -->
  <testcase classname="TestNG_Package.TestNGClass" name="testA" time="0.0">
    <skipped/>
  </testcase> <!-- testA -->
  <testcase classname="TestNG_Package.TestNGClass" name="testA" time="0.0">
    <skipped/>
  </testcase> <!-- testA -->
  <testcase classname="TestNG_Package.TestNGClass" name="testD" time="0.0">
    <skipped/>
  </testcase> <!-- testD -->
  <testcase classname="TestNG_Package.TestNGClass" name="testB" time="0.0">
    <skipped/>
  </testcase> <!-- testB -->
</testsuite> <!-- FirefoxTest -->
