<?xml version="1.0" encoding="UTF-8"?>
<!-- Generated by org.testng.reporters.JUnitXMLReporter -->
<testsuite ignored="1" hostname="DESKTOP-REKBUQJ" failures="0" tests="3" name="SignUp" time="136.089" errors="0" timestamp="2023-02-11T11:01:15 IST">
  <testcase classname="TestNG_Package.TestNG_SignUpPage" name="verifyCookiesPolicyLink" time="19.364"/>
  <testcase classname="TestNG_Package.TestNG_SignUpPage" name="verifyPrivacyPolicyLink" time="10.519"/>
  <testcase classname="TestNG_Package.TestNGClass" name="test" time="0.004"/>
  <testcase classname="TestNG_Package.TestNG_SignUpPage" name="verifyTermsLink" time="0.0">
    <ignored/>
  </testcase> <!-- verifyTermsLink -->
</testsuite> <!-- SignUp -->
