<?xml version="1.0" encoding="UTF-8"?>
<!-- Generated by org.testng.reporters.JUnitXMLReporter -->
<testsuite ignored="0" hostname="DESKTOP-REKBUQJ" failures="0" tests="1" name="TestA" time="47.568" errors="0" timestamp="2023-02-15T13:57:39 IST">
  <testcase classname="Utils.Utility" name="@BeforeTest captureScreenshot" time="47.231">
    <failure type="java.lang.NullPointerException" message="Cannot invoke &amp;quot;org.openqa.selenium.WebDriver.close()&amp;quot; because &amp;quot;Utils.Utility.driver&amp;quot; is null">
      <![CDATA[java.lang.NullPointerException: Cannot invoke "org.openqa.selenium.WebDriver.close()" because "Utils.Utility.driver" is null
at Utils.Utility.captureScreenshot(Utility.java:71)
... Removed 22 stack frames]]>
    </failure>
  </testcase> <!-- @BeforeTest captureScreenshot -->
  <testcase classname="Utils.Utility" name="@BeforeClass captureScreenshot" time="-1.676449658244E9">
    <skipped/>
  </testcase> <!-- @BeforeClass captureScreenshot -->
  <testcase classname="Utils.Utility" name="@BeforeMethod captureScreenshot" time="-1.676449658287E9">
    <skipped/>
  </testcase> <!-- @BeforeMethod captureScreenshot -->
  <testcase classname="Utils.Utility" name="captureScreenshot" time="0.0">
    <skipped/>
  </testcase> <!-- captureScreenshot -->
</testsuite> <!-- TestA -->
